{
  "timestamp" : "2025-10-18T10:23:50.587Z",
  "eventType" : "CERTIFICATE_ISSUE_FAILED",
  "category" : "CERTIFICATE_MANAGEMENT",
  "eventId" : "1760783030587-729",
  "user" : "andjelavukosav3@gmail.com",
  "role" : "ROLE_ADMIN",
  "result" : "FAILURE",
  "message" : "Failed to issue certificate: Uexpected principal type: com.pki.example.model.entity.User@1 | CertID: N/A | CN: skksk | Issuer: SELF_SIGNED",
  "ipAddress" : "0:0:0:0:0:0:0:1",
  "userAgent" : null
}

{
  "timestamp" : "2025-10-18T10:27:16.587Z",
  "eventType" : "CERTIFICATE_ISSUE_FAILED",
  "category" : "CERTIFICATE_MANAGEMENT",
  "eventId" : "1760783236587-463",
  "user" : "andjelavukosav3@gmail.com",
  "role" : "ROLE_ADMIN",
  "result" : "FAILURE",
  "message" : "Failed to issue certificate: Uexpected principal type: com.pki.example.model.entity.User@1 | CertID: N/A | CN: kakk | Issuer: SELF_SIGNED",
  "ipAddress" : "0:0:0:0:0:0:0:1",
  "userAgent" : null
}

{
  "timestamp" : "2025-10-18T10:31:01.832Z",
  "eventType" : "CERTIFICATE_ISSUED",
  "category" : "CERTIFICATE_MANAGEMENT",
  "eventId" : "1760783461832-582",
  "user" : "andjelavukosav3@gmail.com",
  "role" : "ROLE_ADMIN",
  "result" : "SUCCESS",
  "message" : "Certificate issued successfully | CertID: 0 | CN: jsjsj | Issuer: SELF_SIGNED",
  "ipAddress" : "0:0:0:0:0:0:0:1",
  "userAgent" : null
}

{
  "timestamp" : "2025-10-18T10:38:42.989Z",
  "eventType" : "CERTIFICATE_ISSUED",
  "category" : "CERTIFICATE_MANAGEMENT",
  "eventId" : "1760783922989-827",
  "user" : "andjelavukosav3@gmail.com",
  "role" : "ROLE_ADMIN",
  "result" : "SUCCESS",
  "message" : "Certificate issued successfully | CertID: 1 | CN: jajsj | Issuer: SELF_SIGNED",
  "ipAddress" : "0:0:0:0:0:0:0:1",
  "userAgent" : null
}

{
  "timestamp" : "2025-10-18T11:18:52.018Z",
  "eventType" : "CERTIFICATE_ISSUED",
  "category" : "CERTIFICATE_MANAGEMENT",
  "eventId" : "1760786332018-941",
  "user" : "andjelavukosav3@gmail.com",
  "role" : "ROLE_ADMIN",
  "result" : "SUCCESS",
  "message" : "Certificate issued successfully | CertID: 2 | CN: hahah | Issuer: SELF_SIGNED",
  "ipAddress" : "0:0:0:0:0:0:0:1",
  "userAgent" : null
}

{
  "timestamp" : "2025-10-18T11:36:19.095Z",
  "eventType" : "CERTIFICATE_ISSUED",
  "category" : "CERTIFICATE_MANAGEMENT",
  "eventId" : "1760787379096-448",
  "user" : "andjelavukosav3@gmail.com",
  "role" : "ROLE_ADMIN",
  "result" : "SUCCESS",
  "message" : "Certificate issued successfully | CertID: 3 | CN: ja sam root sertifikat | Issuer: SELF_SIGNED",
  "ipAddress" : "0:0:0:0:0:0:0:1",
  "userAgent" : null
}

{
  "timestamp" : "2025-10-18T11:36:48.785Z",
  "eventType" : "CERTIFICATE_ISSUED",
  "category" : "CERTIFICATE_MANAGEMENT",
  "eventId" : "1760787408785-371",
  "user" : "andjelavukosav3@gmail.com",
  "role" : "ROLE_ADMIN",
  "result" : "SUCCESS",
  "message" : "Certificate issued successfully | CertID: 4 | CN: PRIVI IMMMEDIATE | Issuer: SELF_SIGNED",
  "ipAddress" : "0:0:0:0:0:0:0:1",
  "userAgent" : null
}

{
  "timestamp" : "2025-10-18T11:50:16.351Z",
  "eventType" : "CERTIFICATE_ISSUED",
  "category" : "CERTIFICATE_MANAGEMENT",
  "eventId" : "1760788216352-41",
  "user" : "andjelavukosav3@gmail.com",
  "role" : "ROLE_ADMIN",
  "result" : "SUCCESS",
  "message" : "Certificate issued successfully | CertID: 5 | CN: ajde  | Issuer: SELF_SIGNED",
  "ipAddress" : "0:0:0:0:0:0:0:1",
  "userAgent" : null
}

{
  "timestamp" : "2025-10-18T11:51:18.969Z",
  "eventType" : "CERTIFICATE_ISSUED",
  "category" : "CERTIFICATE_MANAGEMENT",
  "eventId" : "1760788278969-576",
  "user" : "andjelavukosav3@gmail.com",
  "role" : "ROLE_ADMIN",
  "result" : "SUCCESS",
  "message" : "Certificate issued successfully | CertID: 6 | CN: root | Issuer: SELF_SIGNED",
  "ipAddress" : "0:0:0:0:0:0:0:1",
  "userAgent" : null
}

{
  "timestamp" : "2025-10-18T11:51:47.071Z",
  "eventType" : "CERTIFICATE_ISSUED",
  "category" : "CERTIFICATE_MANAGEMENT",
  "eventId" : "1760788307071-618",
  "user" : "andjelavukosav3@gmail.com",
  "role" : "ROLE_ADMIN",
  "result" : "SUCCESS",
  "message" : "Certificate issued successfully | CertID: 7 | CN: inter | Issuer: SELF_SIGNED",
  "ipAddress" : "0:0:0:0:0:0:0:1",
  "userAgent" : null
}

{
  "timestamp" : "2025-10-18T12:34:33.097Z",
  "eventType" : "CERTIFICATE_ISSUED",
  "category" : "CERTIFICATE_MANAGEMENT",
  "eventId" : "1760790873098-272",
  "user" : "andjelavukosav3@gmail.com",
  "role" : "ROLE_ADMIN",
  "result" : "SUCCESS",
  "message" : "Certificate issued successfully | CertID: 8 | CN: haha | Issuer: SELF_SIGNED",
  "ipAddress" : "0:0:0:0:0:0:0:1",
  "userAgent" : null
}

{
  "timestamp" : "2025-10-18T12:34:42.846Z",
  "eventType" : "CERTIFICATE_ACCESSED",
  "category" : "CERTIFICATE_MANAGEMENT",
  "eventId" : "1760790882846-171",
  "user" : "andjelavukosav3@gmail.com",
  "role" : "ROLE_ADMIN",
  "result" : "SUCCESS",
  "message" : "Retrieved certificate details | CertID: 8 | CN: haha | Issuer: CN=haha, O=hahah, OU=hahah, C=RS",
  "ipAddress" : "0:0:0:0:0:0:0:1",
  "userAgent" : null
}

{
  "timestamp" : "2025-10-18T12:40:48.026Z",
  "eventType" : "CERTIFICATE_ISSUED",
  "category" : "CERTIFICATE_MANAGEMENT",
  "eventId" : "1760791248026-106",
  "user" : "andjelavukosav3@gmail.com",
  "role" : "ROLE_ADMIN",
  "result" : "SUCCESS",
  "message" : "Certificate issued successfully | CertID: 9 | CN: moze dalje | Issuer: SELF_SIGNED",
  "ipAddress" : "0:0:0:0:0:0:0:1",
  "userAgent" : null
}

{
  "timestamp" : "2025-10-18T12:40:59.781Z",
  "eventType" : "CERTIFICATE_ACCESSED",
  "category" : "CERTIFICATE_MANAGEMENT",
  "eventId" : "1760791259781-714",
  "user" : "andjelavukosav3@gmail.com",
  "role" : "ROLE_ADMIN",
  "result" : "SUCCESS",
  "message" : "Retrieved certificate details | CertID: 9 | CN: moze dalje | Issuer: CN=moze dalje, O=moxe, OU=MJ, C=RS",
  "ipAddress" : "0:0:0:0:0:0:0:1",
  "userAgent" : null
}

{
  "timestamp" : "2025-10-18T12:41:17.720Z",
  "eventType" : "CERTIFICATE_ISSUED",
  "category" : "CERTIFICATE_MANAGEMENT",
  "eventId" : "1760791277720-114",
  "user" : "andjelavukosav3@gmail.com",
  "role" : "ROLE_ADMIN",
  "result" : "SUCCESS",
  "message" : "Certificate issued successfully | CertID: 10 | CN: DALJE IDEi | Issuer: Issuer ID: 9",
  "ipAddress" : "0:0:0:0:0:0:0:1",
  "userAgent" : null
}
