2025-10-18 00:11:03 INFO  [File Watcher] o.s.b.d.a.LocalDevToolsAutoConfiguration$RestartingClassPathChangeChangedEventListener - Restarting due to 1 class path change (1 addition, 0 deletions, 0 modifications)
2025-10-18 00:11:03 INFO  [Thread-5] o.a.catalina.core.StandardService - Stopping service [Tomcat]
2025-10-18 00:11:03 INFO  [Thread-5] o.s.o.j.LocalContainerEntityManagerFactoryBean - Closing JPA EntityManagerFactory for persistence unit 'default'
2025-10-18 00:11:03 INFO  [Thread-5] o.h.t.s.i.SchemaDropperImpl$DelayedDropActionImpl - HHH000477: Starting delayed evictData of schema as part of SessionFactory shut-down'
2025-10-18 00:11:03 DEBUG [Thread-5] org.hibernate.SQL - 
    
    drop table if exists users cascade
2025-10-18 00:11:03 INFO  [Thread-5] com.zaxxer.hikari.HikariDataSource - HikariPool-1 - Shutdown initiated...
2025-10-18 00:11:03 INFO  [Thread-5] com.zaxxer.hikari.HikariDataSource - HikariPool-1 - Shutdown completed.
2025-10-18 00:11:03 INFO  [restartedMain] com.pki.example.ExampleApplication - Starting ExampleApplication using Java 23.0.1 on Ana-Vivabook with PID 8624 (C:\Users\Korisnik\Desktop\PKI\pki-public-key-infrastructure\pki-backend\example\target\classes started by Korisnik in C:\Users\Korisnik\Desktop\PKI\pki-public-key-infrastructure\pki-backend\example)
2025-10-18 00:11:03 DEBUG [restartedMain] com.pki.example.ExampleApplication - Running with Spring Boot v2.7.10, Spring v5.3.26
2025-10-18 00:11:03 INFO  [restartedMain] com.pki.example.ExampleApplication - No active profile set, falling back to 1 default profile: "default"
2025-10-18 00:11:04 INFO  [restartedMain] o.s.d.r.c.RepositoryConfigurationDelegate - Bootstrapping Spring Data JPA repositories in DEFAULT mode.
2025-10-18 00:11:04 INFO  [restartedMain] o.s.d.r.c.RepositoryConfigurationDelegate - Finished Spring Data repository scanning in 8 ms. Found 1 JPA repository interfaces.
2025-10-18 00:11:04 INFO  [restartedMain] o.s.b.w.e.tomcat.TomcatWebServer - Tomcat initialized with port(s): 8080 (http)
2025-10-18 00:11:04 INFO  [restartedMain] o.a.catalina.core.StandardService - Starting service [Tomcat]
2025-10-18 00:11:04 INFO  [restartedMain] o.a.catalina.core.StandardEngine - Starting Servlet engine: [Apache Tomcat/9.0.73]
2025-10-18 00:11:04 INFO  [restartedMain] o.a.c.c.C.[Tomcat].[localhost].[/] - Initializing Spring embedded WebApplicationContext
2025-10-18 00:11:04 INFO  [restartedMain] o.s.b.w.s.c.ServletWebServerApplicationContext - Root WebApplicationContext: initialization completed in 594 ms
2025-10-18 00:11:04 INFO  [restartedMain] o.h.jpa.internal.util.LogHelper - HHH000204: Processing PersistenceUnitInfo [name: default]
2025-10-18 00:11:04 INFO  [restartedMain] com.zaxxer.hikari.HikariDataSource - HikariPool-2 - Starting...
2025-10-18 00:11:04 INFO  [restartedMain] com.zaxxer.hikari.HikariDataSource - HikariPool-2 - Start completed.
2025-10-18 00:11:04 INFO  [restartedMain] org.hibernate.dialect.Dialect - HHH000400: Using dialect: org.hibernate.dialect.PostgreSQL10Dialect
2025-10-18 00:11:04 DEBUG [restartedMain] org.hibernate.SQL - 
    
    drop table if exists users cascade
2025-10-18 00:11:04 WARN  [restartedMain] o.h.e.jdbc.spi.SqlExceptionHelper - SQL Warning Code: 0, SQLState: 00000
2025-10-18 00:11:04 WARN  [restartedMain] o.h.e.jdbc.spi.SqlExceptionHelper - table "users" does not exist, skipping
2025-10-18 00:11:04 DEBUG [restartedMain] org.hibernate.SQL - 
    
    create table users (
       id int8 generated by default as identity,
        email varchar(255) not null,
        first_name varchar(255) not null,
        last_name varchar(255) not null,
        organization varchar(255) not null,
        password varchar(255) not null,
        role varchar(255) not null,
        primary key (id)
    )
2025-10-18 00:11:04 DEBUG [restartedMain] org.hibernate.SQL - 
    
    alter table if exists users 
       add constraint UK_6dotkott2kjsp8vw4d0m25fb7 unique (email)
2025-10-18 00:11:04 INFO  [restartedMain] o.h.e.t.j.p.i.JtaPlatformInitiator - HHH000490: Using JtaPlatform implementation: [org.hibernate.engine.transaction.jta.platform.internal.NoJtaPlatform]
2025-10-18 00:11:04 INFO  [restartedMain] o.s.o.j.LocalContainerEntityManagerFactoryBean - Initialized JPA EntityManagerFactory for persistence unit 'default'
2025-10-18 00:11:04 WARN  [restartedMain] o.s.b.a.s.s.UserDetailsServiceAutoConfiguration - 

Using generated security password: 3140cee2-3961-4f85-b3d7-2e0856fe3e6d

This generated password is for development use only. Your security configuration must be updated before running your application in production.

2025-10-18 00:11:04 INFO  [restartedMain] o.s.s.web.DefaultSecurityFilterChain - Will secure any request with [org.springframework.security.web.session.DisableEncodeUrlFilter@192c3775, org.springframework.security.web.context.request.async.WebAsyncManagerIntegrationFilter@7b26035d, org.springframework.security.web.context.SecurityContextPersistenceFilter@53ebdfc1, org.springframework.security.web.header.HeaderWriterFilter@255ef9a6, org.springframework.web.filter.CorsFilter@f68cf0f, org.springframework.security.web.authentication.logout.LogoutFilter@3fee311d, org.springframework.security.web.savedrequest.RequestCacheAwareFilter@56b18fb6, org.springframework.security.web.servletapi.SecurityContextHolderAwareRequestFilter@4f0df0f, org.springframework.security.web.authentication.AnonymousAuthenticationFilter@7d1bd709, org.springframework.security.web.session.SessionManagementFilter@2d683282, org.springframework.security.web.access.ExceptionTranslationFilter@1eb36d9f, org.springframework.security.web.access.intercept.AuthorizationFilter@460680f3]
2025-10-18 00:11:04 INFO  [restartedMain] o.s.b.d.a.OptionalLiveReloadServer - LiveReload server is running on port 35729
2025-10-18 00:11:04 INFO  [restartedMain] o.s.b.w.e.tomcat.TomcatWebServer - Tomcat started on port(s): 8080 (http) with context path ''
2025-10-18 00:11:04 INFO  [restartedMain] com.pki.example.ExampleApplication - Started ExampleApplication in 1.088 seconds (JVM running for 11431.761)
2025-10-18 00:11:04 INFO  [restartedMain] o.s.b.d.a.ConditionEvaluationDeltaLoggingListener - Condition evaluation unchanged
2025-10-18 00:11:05 INFO  [restartedMain] c.p.e.c.CertificateExample - Generisanje subjekta sertifikata započeto.
2025-10-18 00:11:27 INFO  [File Watcher] o.s.b.d.a.LocalDevToolsAutoConfiguration$RestartingClassPathChangeChangedEventListener - Restarting due to 2 class path changes (0 additions, 1 deletion, 1 modification)
2025-10-18 00:11:27 INFO  [Thread-7] o.a.catalina.core.StandardService - Stopping service [Tomcat]
2025-10-18 00:11:27 INFO  [Thread-7] o.s.o.j.LocalContainerEntityManagerFactoryBean - Closing JPA EntityManagerFactory for persistence unit 'default'
2025-10-18 00:11:27 INFO  [Thread-7] o.h.t.s.i.SchemaDropperImpl$DelayedDropActionImpl - HHH000477: Starting delayed evictData of schema as part of SessionFactory shut-down'
2025-10-18 00:11:27 DEBUG [Thread-7] org.hibernate.SQL - 
    
    drop table if exists users cascade
2025-10-18 00:11:27 INFO  [Thread-7] com.zaxxer.hikari.HikariDataSource - HikariPool-2 - Shutdown initiated...
2025-10-18 00:11:27 INFO  [Thread-7] com.zaxxer.hikari.HikariDataSource - HikariPool-2 - Shutdown completed.
2025-10-18 00:11:27 INFO  [restartedMain] com.pki.example.ExampleApplication - Starting ExampleApplication using Java 23.0.1 on Ana-Vivabook with PID 8624 (C:\Users\Korisnik\Desktop\PKI\pki-public-key-infrastructure\pki-backend\example\target\classes started by Korisnik in C:\Users\Korisnik\Desktop\PKI\pki-public-key-infrastructure\pki-backend\example)
2025-10-18 00:11:27 DEBUG [restartedMain] com.pki.example.ExampleApplication - Running with Spring Boot v2.7.10, Spring v5.3.26
2025-10-18 00:11:27 INFO  [restartedMain] com.pki.example.ExampleApplication - No active profile set, falling back to 1 default profile: "default"
2025-10-18 00:11:28 INFO  [restartedMain] o.s.d.r.c.RepositoryConfigurationDelegate - Bootstrapping Spring Data JPA repositories in DEFAULT mode.
2025-10-18 00:11:28 INFO  [restartedMain] o.s.d.r.c.RepositoryConfigurationDelegate - Finished Spring Data repository scanning in 8 ms. Found 1 JPA repository interfaces.
2025-10-18 00:11:28 INFO  [restartedMain] o.s.b.w.e.tomcat.TomcatWebServer - Tomcat initialized with port(s): 8080 (http)
2025-10-18 00:11:28 INFO  [restartedMain] o.a.catalina.core.StandardService - Starting service [Tomcat]
2025-10-18 00:11:28 INFO  [restartedMain] o.a.catalina.core.StandardEngine - Starting Servlet engine: [Apache Tomcat/9.0.73]
2025-10-18 00:11:28 INFO  [restartedMain] o.a.c.c.C.[Tomcat].[localhost].[/] - Initializing Spring embedded WebApplicationContext
2025-10-18 00:11:28 INFO  [restartedMain] o.s.b.w.s.c.ServletWebServerApplicationContext - Root WebApplicationContext: initialization completed in 228 ms
2025-10-18 00:11:28 INFO  [restartedMain] o.h.jpa.internal.util.LogHelper - HHH000204: Processing PersistenceUnitInfo [name: default]
2025-10-18 00:11:28 INFO  [restartedMain] com.zaxxer.hikari.HikariDataSource - HikariPool-3 - Starting...
2025-10-18 00:11:28 INFO  [restartedMain] com.zaxxer.hikari.HikariDataSource - HikariPool-3 - Start completed.
2025-10-18 00:11:28 INFO  [restartedMain] org.hibernate.dialect.Dialect - HHH000400: Using dialect: org.hibernate.dialect.PostgreSQL10Dialect
2025-10-18 00:11:28 DEBUG [restartedMain] org.hibernate.SQL - 
    
    drop table if exists users cascade
2025-10-18 00:11:28 WARN  [restartedMain] o.h.e.jdbc.spi.SqlExceptionHelper - SQL Warning Code: 0, SQLState: 00000
2025-10-18 00:11:28 WARN  [restartedMain] o.h.e.jdbc.spi.SqlExceptionHelper - table "users" does not exist, skipping
2025-10-18 00:11:28 DEBUG [restartedMain] org.hibernate.SQL - 
    
    create table users (
       id int8 generated by default as identity,
        email varchar(255) not null,
        first_name varchar(255) not null,
        last_name varchar(255) not null,
        organization varchar(255) not null,
        password varchar(255) not null,
        role varchar(255) not null,
        primary key (id)
    )
2025-10-18 00:11:28 DEBUG [restartedMain] org.hibernate.SQL - 
    
    alter table if exists users 
       add constraint UK_6dotkott2kjsp8vw4d0m25fb7 unique (email)
2025-10-18 00:11:28 INFO  [restartedMain] o.h.e.t.j.p.i.JtaPlatformInitiator - HHH000490: Using JtaPlatform implementation: [org.hibernate.engine.transaction.jta.platform.internal.NoJtaPlatform]
2025-10-18 00:11:28 INFO  [restartedMain] o.s.o.j.LocalContainerEntityManagerFactoryBean - Initialized JPA EntityManagerFactory for persistence unit 'default'
2025-10-18 00:11:28 WARN  [restartedMain] o.s.b.a.s.s.UserDetailsServiceAutoConfiguration - 

Using generated security password: e3629986-da45-4981-b3af-a9dbb6f5871e

This generated password is for development use only. Your security configuration must be updated before running your application in production.

2025-10-18 00:11:28 INFO  [restartedMain] o.s.s.web.DefaultSecurityFilterChain - Will secure any request with [org.springframework.security.web.session.DisableEncodeUrlFilter@4f284cde, org.springframework.security.web.context.request.async.WebAsyncManagerIntegrationFilter@58dd3b5, org.springframework.security.web.context.SecurityContextPersistenceFilter@17882c16, org.springframework.security.web.header.HeaderWriterFilter@10e1f875, org.springframework.web.filter.CorsFilter@13b739a9, org.springframework.security.web.authentication.logout.LogoutFilter@1e0a42c7, org.springframework.security.web.savedrequest.RequestCacheAwareFilter@d3ff47d, org.springframework.security.web.servletapi.SecurityContextHolderAwareRequestFilter@128297ff, org.springframework.security.web.authentication.AnonymousAuthenticationFilter@51dd5909, org.springframework.security.web.session.SessionManagementFilter@105956a2, org.springframework.security.web.access.ExceptionTranslationFilter@ed28ffd, org.springframework.security.web.access.intercept.AuthorizationFilter@3f82a1c]
2025-10-18 00:11:28 INFO  [restartedMain] o.s.b.d.a.OptionalLiveReloadServer - LiveReload server is running on port 35729
2025-10-18 00:11:28 INFO  [restartedMain] o.s.b.w.e.tomcat.TomcatWebServer - Tomcat started on port(s): 8080 (http) with context path ''
2025-10-18 00:11:28 INFO  [restartedMain] com.pki.example.ExampleApplication - Started ExampleApplication in 0.562 seconds (JVM running for 11455.242)
2025-10-18 00:11:28 INFO  [restartedMain] o.s.b.d.a.ConditionEvaluationDeltaLoggingListener - Condition evaluation unchanged
2025-10-18 00:11:29 INFO  [restartedMain] c.p.e.c.CertificateExample - Generisanje subjekta sertifikata započeto.
2025-10-18 00:11:29 INFO  [File Watcher] o.s.b.d.a.LocalDevToolsAutoConfiguration$RestartingClassPathChangeChangedEventListener - Restarting due to 1 class path change (1 addition, 0 deletions, 0 modifications)
2025-10-18 00:11:29 INFO  [Thread-11] o.a.catalina.core.StandardService - Stopping service [Tomcat]
2025-10-18 00:11:29 INFO  [Thread-11] o.s.o.j.LocalContainerEntityManagerFactoryBean - Closing JPA EntityManagerFactory for persistence unit 'default'
2025-10-18 00:11:29 INFO  [Thread-11] o.h.t.s.i.SchemaDropperImpl$DelayedDropActionImpl - HHH000477: Starting delayed evictData of schema as part of SessionFactory shut-down'
2025-10-18 00:11:29 DEBUG [Thread-11] org.hibernate.SQL - 
    
    drop table if exists users cascade
2025-10-18 00:11:29 INFO  [Thread-11] com.zaxxer.hikari.HikariDataSource - HikariPool-3 - Shutdown initiated...
2025-10-18 00:11:29 INFO  [Thread-11] com.zaxxer.hikari.HikariDataSource - HikariPool-3 - Shutdown completed.
2025-10-18 00:11:29 INFO  [restartedMain] com.pki.example.ExampleApplication - Starting ExampleApplication using Java 23.0.1 on Ana-Vivabook with PID 8624 (C:\Users\Korisnik\Desktop\PKI\pki-public-key-infrastructure\pki-backend\example\target\classes started by Korisnik in C:\Users\Korisnik\Desktop\PKI\pki-public-key-infrastructure\pki-backend\example)
2025-10-18 00:11:29 DEBUG [restartedMain] com.pki.example.ExampleApplication - Running with Spring Boot v2.7.10, Spring v5.3.26
2025-10-18 00:11:29 INFO  [restartedMain] com.pki.example.ExampleApplication - No active profile set, falling back to 1 default profile: "default"
2025-10-18 00:11:30 INFO  [restartedMain] o.s.d.r.c.RepositoryConfigurationDelegate - Bootstrapping Spring Data JPA repositories in DEFAULT mode.
2025-10-18 00:11:30 INFO  [restartedMain] o.s.d.r.c.RepositoryConfigurationDelegate - Finished Spring Data repository scanning in 5 ms. Found 1 JPA repository interfaces.
2025-10-18 00:11:30 INFO  [restartedMain] o.s.b.w.e.tomcat.TomcatWebServer - Tomcat initialized with port(s): 8080 (http)
2025-10-18 00:11:30 INFO  [restartedMain] o.a.catalina.core.StandardService - Starting service [Tomcat]
2025-10-18 00:11:30 INFO  [restartedMain] o.a.catalina.core.StandardEngine - Starting Servlet engine: [Apache Tomcat/9.0.73]
2025-10-18 00:11:30 INFO  [restartedMain] o.a.c.c.C.[Tomcat].[localhost].[/] - Initializing Spring embedded WebApplicationContext
2025-10-18 00:11:30 INFO  [restartedMain] o.s.b.w.s.c.ServletWebServerApplicationContext - Root WebApplicationContext: initialization completed in 157 ms
2025-10-18 00:11:30 INFO  [restartedMain] o.h.jpa.internal.util.LogHelper - HHH000204: Processing PersistenceUnitInfo [name: default]
2025-10-18 00:11:30 INFO  [restartedMain] com.zaxxer.hikari.HikariDataSource - HikariPool-4 - Starting...
2025-10-18 00:11:30 INFO  [restartedMain] com.zaxxer.hikari.HikariDataSource - HikariPool-4 - Start completed.
2025-10-18 00:11:30 INFO  [restartedMain] org.hibernate.dialect.Dialect - HHH000400: Using dialect: org.hibernate.dialect.PostgreSQL10Dialect
2025-10-18 00:11:30 DEBUG [restartedMain] org.hibernate.SQL - 
    
    drop table if exists users cascade
2025-10-18 00:11:30 WARN  [restartedMain] o.h.e.jdbc.spi.SqlExceptionHelper - SQL Warning Code: 0, SQLState: 00000
2025-10-18 00:11:30 WARN  [restartedMain] o.h.e.jdbc.spi.SqlExceptionHelper - table "users" does not exist, skipping
2025-10-18 00:11:30 DEBUG [restartedMain] org.hibernate.SQL - 
    
    create table users (
       id int8 generated by default as identity,
        email varchar(255) not null,
        first_name varchar(255) not null,
        last_name varchar(255) not null,
        organization varchar(255) not null,
        password varchar(255) not null,
        role varchar(255) not null,
        primary key (id)
    )
2025-10-18 00:11:30 DEBUG [restartedMain] org.hibernate.SQL - 
    
    alter table if exists users 
       add constraint UK_6dotkott2kjsp8vw4d0m25fb7 unique (email)
2025-10-18 00:11:30 INFO  [restartedMain] o.h.e.t.j.p.i.JtaPlatformInitiator - HHH000490: Using JtaPlatform implementation: [org.hibernate.engine.transaction.jta.platform.internal.NoJtaPlatform]
2025-10-18 00:11:30 INFO  [restartedMain] o.s.o.j.LocalContainerEntityManagerFactoryBean - Initialized JPA EntityManagerFactory for persistence unit 'default'
2025-10-18 00:11:30 WARN  [restartedMain] o.s.b.a.s.s.UserDetailsServiceAutoConfiguration - 

Using generated security password: 24deae9e-0c0d-4d8d-8c81-ddede6ad2956

This generated password is for development use only. Your security configuration must be updated before running your application in production.

2025-10-18 00:11:30 INFO  [restartedMain] o.s.s.web.DefaultSecurityFilterChain - Will secure any request with [org.springframework.security.web.session.DisableEncodeUrlFilter@293b1221, org.springframework.security.web.context.request.async.WebAsyncManagerIntegrationFilter@29831602, org.springframework.security.web.context.SecurityContextPersistenceFilter@19871b8b, org.springframework.security.web.header.HeaderWriterFilter@b0173f, org.springframework.web.filter.CorsFilter@76018d47, org.springframework.security.web.authentication.logout.LogoutFilter@1741aa65, org.springframework.security.web.savedrequest.RequestCacheAwareFilter@71691494, org.springframework.security.web.servletapi.SecurityContextHolderAwareRequestFilter@7160fc69, org.springframework.security.web.authentication.AnonymousAuthenticationFilter@59381133, org.springframework.security.web.session.SessionManagementFilter@180bf2e5, org.springframework.security.web.access.ExceptionTranslationFilter@5597b235, org.springframework.security.web.access.intercept.AuthorizationFilter@33b384b0]
2025-10-18 00:11:30 INFO  [restartedMain] o.s.b.d.a.OptionalLiveReloadServer - LiveReload server is running on port 35729
2025-10-18 00:11:30 INFO  [restartedMain] o.s.b.w.e.tomcat.TomcatWebServer - Tomcat started on port(s): 8080 (http) with context path ''
2025-10-18 00:11:30 INFO  [restartedMain] com.pki.example.ExampleApplication - Started ExampleApplication in 0.394 seconds (JVM running for 11457.099)
2025-10-18 00:11:30 INFO  [restartedMain] o.s.b.d.a.ConditionEvaluationDeltaLoggingListener - Condition evaluation unchanged
2025-10-18 00:11:30 INFO  [restartedMain] c.p.e.c.CertificateExample - Generisanje subjekta sertifikata započeto.
2025-10-18 00:11:34 INFO  [SpringApplicationShutdownHook] o.s.o.j.LocalContainerEntityManagerFactoryBean - Closing JPA EntityManagerFactory for persistence unit 'default'
2025-10-18 00:11:34 INFO  [SpringApplicationShutdownHook] o.h.t.s.i.SchemaDropperImpl$DelayedDropActionImpl - HHH000477: Starting delayed evictData of schema as part of SessionFactory shut-down'
2025-10-18 00:11:34 DEBUG [SpringApplicationShutdownHook] org.hibernate.SQL - 
    
    drop table if exists users cascade
2025-10-18 00:11:34 INFO  [SpringApplicationShutdownHook] com.zaxxer.hikari.HikariDataSource - HikariPool-4 - Shutdown initiated...
2025-10-18 00:11:34 INFO  [SpringApplicationShutdownHook] com.zaxxer.hikari.HikariDataSource - HikariPool-4 - Shutdown completed.
2025-10-18 01:11:29 INFO  [restartedMain] com.pki.example.ExampleApplication - Starting ExampleApplication using Java 23.0.1 on Ana-Vivabook with PID 7808 (C:\Users\Korisnik\Desktop\PKI\pki-public-key-infrastructure\pki-backend\example\target\classes started by Korisnik in C:\Users\Korisnik\Desktop\PKI\pki-public-key-infrastructure\pki-backend\example)
2025-10-18 01:11:29 DEBUG [restartedMain] com.pki.example.ExampleApplication - Running with Spring Boot v2.7.10, Spring v5.3.26
2025-10-18 01:11:29 INFO  [restartedMain] com.pki.example.ExampleApplication - No active profile set, falling back to 1 default profile: "default"
2025-10-18 01:11:29 INFO  [restartedMain] o.s.b.d.e.DevToolsPropertyDefaultsPostProcessor - Devtools property defaults active! Set 'spring.devtools.add-properties' to 'false' to disable
2025-10-18 01:11:29 INFO  [restartedMain] o.s.b.d.e.DevToolsPropertyDefaultsPostProcessor - For additional web related logging consider setting the 'logging.level.web' property to 'DEBUG'
2025-10-18 01:11:30 WARN  [restartedMain] o.s.b.w.s.c.AnnotationConfigServletWebServerApplicationContext - Exception encountered during context initialization - cancelling refresh attempt: org.springframework.beans.factory.support.BeanDefinitionOverrideException: Invalid bean definition with name 'passwordEncoder' defined in class path resource [com/pki/example/config/SecurityConfig.class]: Cannot register bean definition [Root bean: class [null]; scope=; abstract=false; lazyInit=null; autowireMode=3; dependencyCheck=0; autowireCandidate=true; primary=false; factoryBeanName=securityConfig; factoryMethodName=passwordEncoder; initMethodName=null; destroyMethodName=(inferred); defined in class path resource [com/pki/example/config/SecurityConfig.class]] for bean 'passwordEncoder': There is already [Root bean: class [null]; scope=; abstract=false; lazyInit=null; autowireMode=3; dependencyCheck=0; autowireCandidate=true; primary=false; factoryBeanName=applicationConfig; factoryMethodName=passwordEncoder; initMethodName=null; destroyMethodName=(inferred); defined in class path resource [com/pki/example/config/ApplicationConfig.class]] bound.
2025-10-18 01:11:30 INFO  [restartedMain] o.s.b.a.l.ConditionEvaluationReportLoggingListener - 

Error starting ApplicationContext. To display the conditions report re-run your application with 'debug' enabled.
2025-10-18 01:11:30 ERROR [restartedMain] o.s.b.d.LoggingFailureAnalysisReporter - 

***************************
APPLICATION FAILED TO START
***************************

Description:

The bean 'passwordEncoder', defined in class path resource [com/pki/example/config/SecurityConfig.class], could not be registered. A bean with that name has already been defined in class path resource [com/pki/example/config/ApplicationConfig.class] and overriding is disabled.

Action:

Consider renaming one of the beans or enabling overriding by setting spring.main.allow-bean-definition-overriding=true

2025-10-18 01:15:26 INFO  [restartedMain] com.pki.example.ExampleApplication - Starting ExampleApplication using Java 23.0.1 on Ana-Vivabook with PID 25580 (C:\Users\Korisnik\Desktop\PKI\pki-public-key-infrastructure\pki-backend\example\target\classes started by Korisnik in C:\Users\Korisnik\Desktop\PKI\pki-public-key-infrastructure\pki-backend\example)
2025-10-18 01:15:26 DEBUG [restartedMain] com.pki.example.ExampleApplication - Running with Spring Boot v2.7.10, Spring v5.3.26
2025-10-18 01:15:26 INFO  [restartedMain] com.pki.example.ExampleApplication - No active profile set, falling back to 1 default profile: "default"
2025-10-18 01:15:26 INFO  [restartedMain] o.s.b.d.e.DevToolsPropertyDefaultsPostProcessor - Devtools property defaults active! Set 'spring.devtools.add-properties' to 'false' to disable
2025-10-18 01:15:26 INFO  [restartedMain] o.s.b.d.e.DevToolsPropertyDefaultsPostProcessor - For additional web related logging consider setting the 'logging.level.web' property to 'DEBUG'
2025-10-18 01:15:27 WARN  [restartedMain] o.s.b.w.s.c.AnnotationConfigServletWebServerApplicationContext - Exception encountered during context initialization - cancelling refresh attempt: org.springframework.beans.factory.support.BeanDefinitionOverrideException: Invalid bean definition with name 'passwordEncoder' defined in class path resource [com/pki/example/config/SecurityConfig.class]: Cannot register bean definition [Root bean: class [null]; scope=; abstract=false; lazyInit=null; autowireMode=3; dependencyCheck=0; autowireCandidate=true; primary=false; factoryBeanName=securityConfig; factoryMethodName=passwordEncoder; initMethodName=null; destroyMethodName=(inferred); defined in class path resource [com/pki/example/config/SecurityConfig.class]] for bean 'passwordEncoder': There is already [Root bean: class [null]; scope=; abstract=false; lazyInit=null; autowireMode=3; dependencyCheck=0; autowireCandidate=true; primary=false; factoryBeanName=applicationConfig; factoryMethodName=passwordEncoder; initMethodName=null; destroyMethodName=(inferred); defined in class path resource [com/pki/example/config/ApplicationConfig.class]] bound.
2025-10-18 01:15:27 INFO  [restartedMain] o.s.b.a.l.ConditionEvaluationReportLoggingListener - 

Error starting ApplicationContext. To display the conditions report re-run your application with 'debug' enabled.
2025-10-18 01:15:27 ERROR [restartedMain] o.s.b.d.LoggingFailureAnalysisReporter - 

***************************
APPLICATION FAILED TO START
***************************

Description:

The bean 'passwordEncoder', defined in class path resource [com/pki/example/config/SecurityConfig.class], could not be registered. A bean with that name has already been defined in class path resource [com/pki/example/config/ApplicationConfig.class] and overriding is disabled.

Action:

Consider renaming one of the beans or enabling overriding by setting spring.main.allow-bean-definition-overriding=true

2025-10-18 01:17:10 INFO  [restartedMain] com.pki.example.ExampleApplication - Starting ExampleApplication using Java 23.0.1 on Ana-Vivabook with PID 23212 (C:\Users\Korisnik\Desktop\PKI\pki-public-key-infrastructure\pki-backend\example\target\classes started by Korisnik in C:\Users\Korisnik\Desktop\PKI\pki-public-key-infrastructure\pki-backend\example)
2025-10-18 01:17:10 DEBUG [restartedMain] com.pki.example.ExampleApplication - Running with Spring Boot v2.7.10, Spring v5.3.26
2025-10-18 01:17:10 INFO  [restartedMain] com.pki.example.ExampleApplication - No active profile set, falling back to 1 default profile: "default"
2025-10-18 01:17:10 INFO  [restartedMain] o.s.b.d.e.DevToolsPropertyDefaultsPostProcessor - Devtools property defaults active! Set 'spring.devtools.add-properties' to 'false' to disable
2025-10-18 01:17:10 INFO  [restartedMain] o.s.b.d.e.DevToolsPropertyDefaultsPostProcessor - For additional web related logging consider setting the 'logging.level.web' property to 'DEBUG'
2025-10-18 01:17:10 INFO  [restartedMain] o.s.d.r.c.RepositoryConfigurationDelegate - Bootstrapping Spring Data JPA repositories in DEFAULT mode.
2025-10-18 01:17:10 INFO  [restartedMain] o.s.d.r.c.RepositoryConfigurationDelegate - Finished Spring Data repository scanning in 32 ms. Found 1 JPA repository interfaces.
2025-10-18 01:17:11 INFO  [restartedMain] o.s.b.w.e.tomcat.TomcatWebServer - Tomcat initialized with port(s): 8080 (http)
2025-10-18 01:17:11 INFO  [restartedMain] o.a.catalina.core.StandardService - Starting service [Tomcat]
2025-10-18 01:17:11 INFO  [restartedMain] o.a.catalina.core.StandardEngine - Starting Servlet engine: [Apache Tomcat/9.0.73]
2025-10-18 01:17:11 INFO  [restartedMain] o.a.c.c.C.[Tomcat].[localhost].[/] - Initializing Spring embedded WebApplicationContext
2025-10-18 01:17:11 INFO  [restartedMain] o.s.b.w.s.c.ServletWebServerApplicationContext - Root WebApplicationContext: initialization completed in 1144 ms
2025-10-18 01:17:11 INFO  [restartedMain] o.h.jpa.internal.util.LogHelper - HHH000204: Processing PersistenceUnitInfo [name: default]
2025-10-18 01:17:11 INFO  [restartedMain] org.hibernate.Version - HHH000412: Hibernate ORM core version 5.6.15.Final
2025-10-18 01:17:11 INFO  [restartedMain] o.h.annotations.common.Version - HCANN000001: Hibernate Commons Annotations {5.1.2.Final}
2025-10-18 01:17:11 INFO  [restartedMain] com.zaxxer.hikari.HikariDataSource - HikariPool-1 - Starting...
2025-10-18 01:17:11 INFO  [restartedMain] com.zaxxer.hikari.HikariDataSource - HikariPool-1 - Start completed.
2025-10-18 01:17:11 INFO  [restartedMain] org.hibernate.dialect.Dialect - HHH000400: Using dialect: org.hibernate.dialect.PostgreSQL10Dialect
2025-10-18 01:17:12 DEBUG [restartedMain] org.hibernate.SQL - 
    
    drop table if exists users cascade
2025-10-18 01:17:12 WARN  [restartedMain] o.h.e.jdbc.spi.SqlExceptionHelper - SQL Warning Code: 0, SQLState: 00000
2025-10-18 01:17:12 WARN  [restartedMain] o.h.e.jdbc.spi.SqlExceptionHelper - table "users" does not exist, skipping
2025-10-18 01:17:12 DEBUG [restartedMain] org.hibernate.SQL - 
    
    create table users (
       id int8 generated by default as identity,
        blocked boolean not null,
        email varchar(255) not null,
        enabled boolean not null,
        first_name varchar(255) not null,
        last_name varchar(255) not null,
        organization varchar(255) not null,
        password varchar(255) not null,
        role varchar(255) not null,
        primary key (id)
    )
2025-10-18 01:17:12 DEBUG [restartedMain] org.hibernate.SQL - 
    
    alter table if exists users 
       add constraint UK_6dotkott2kjsp8vw4d0m25fb7 unique (email)
2025-10-18 01:17:12 INFO  [restartedMain] o.h.e.t.j.p.i.JtaPlatformInitiator - HHH000490: Using JtaPlatform implementation: [org.hibernate.engine.transaction.jta.platform.internal.NoJtaPlatform]
2025-10-18 01:17:12 INFO  [restartedMain] o.s.o.j.LocalContainerEntityManagerFactoryBean - Initialized JPA EntityManagerFactory for persistence unit 'default'
2025-10-18 01:17:12 DEBUG [restartedMain] c.p.e.config.JwtAuthenticationFilter - Filter 'jwtAuthenticationFilter' configured for use
2025-10-18 01:17:12 INFO  [restartedMain] o.s.s.web.DefaultSecurityFilterChain - Will secure any request with [org.springframework.security.web.session.DisableEncodeUrlFilter@5d0cfc86, org.springframework.security.web.context.request.async.WebAsyncManagerIntegrationFilter@3c858cb8, org.springframework.security.web.context.SecurityContextPersistenceFilter@37c8940c, org.springframework.security.web.header.HeaderWriterFilter@1b4fea8e, org.springframework.web.filter.CorsFilter@1ee5108c, org.springframework.security.web.authentication.logout.LogoutFilter@68d59e3a, com.pki.example.config.JwtAuthenticationFilter@6ab9f440, org.springframework.security.web.savedrequest.RequestCacheAwareFilter@301538ef, org.springframework.security.web.servletapi.SecurityContextHolderAwareRequestFilter@11e125a5, org.springframework.security.web.authentication.AnonymousAuthenticationFilter@463b9fd7, org.springframework.security.web.session.SessionManagementFilter@5bfe3032, org.springframework.security.web.access.ExceptionTranslationFilter@4009a839, org.springframework.security.web.access.intercept.AuthorizationFilter@6670f30c]
2025-10-18 01:17:13 INFO  [restartedMain] o.s.b.d.a.OptionalLiveReloadServer - LiveReload server is running on port 35729
2025-10-18 01:17:13 INFO  [restartedMain] o.s.b.w.e.tomcat.TomcatWebServer - Tomcat started on port(s): 8080 (http) with context path ''
2025-10-18 01:17:13 INFO  [restartedMain] com.pki.example.ExampleApplication - Started ExampleApplication in 3.232 seconds (JVM running for 3.764)
2025-10-18 01:17:13 INFO  [restartedMain] c.p.e.c.CertificateExample - Generisanje subjekta sertifikata započeto.
2025-10-18 01:19:12 INFO  [http-nio-8080-exec-1] o.a.c.c.C.[Tomcat].[localhost].[/] - Initializing Spring DispatcherServlet 'dispatcherServlet'
2025-10-18 01:19:12 INFO  [http-nio-8080-exec-1] o.s.web.servlet.DispatcherServlet - Initializing Servlet 'dispatcherServlet'
2025-10-18 01:19:12 INFO  [http-nio-8080-exec-1] o.s.web.servlet.DispatcherServlet - Completed initialization in 9 ms
2025-10-18 01:19:13 WARN  [http-nio-8080-exec-2] o.s.w.s.m.m.a.ExceptionHandlerExceptionResolver - Resolved [com.pki.example.exception.BadRequestException: reCAPTCHA verification failed]
2025-10-18 01:21:58 INFO  [File Watcher] o.s.b.d.a.LocalDevToolsAutoConfiguration$RestartingClassPathChangeChangedEventListener - Restarting due to 2 class path changes (0 additions, 1 deletion, 1 modification)
2025-10-18 01:21:58 INFO  [Thread-5] o.a.catalina.core.StandardService - Stopping service [Tomcat]
2025-10-18 01:21:58 INFO  [Thread-5] o.a.c.c.C.[Tomcat].[localhost].[/] - Destroying Spring FrameworkServlet 'dispatcherServlet'
2025-10-18 01:21:58 WARN  [Thread-5] o.a.c.loader.WebappClassLoaderBase - The web application [ROOT] appears to have started a thread named [HikariPool-1 housekeeper] but has failed to stop it. This is very likely to create a memory leak. Stack trace of thread:
 java.base/jdk.internal.misc.Unsafe.park(Native Method)
 java.base/java.util.concurrent.locks.LockSupport.parkNanos(LockSupport.java:269)
 java.base/java.util.concurrent.locks.AbstractQueuedSynchronizer$ConditionObject.awaitNanos(AbstractQueuedSynchronizer.java:1763)
 java.base/java.util.concurrent.ScheduledThreadPoolExecutor$DelayedWorkQueue.take(ScheduledThreadPoolExecutor.java:1182)
 java.base/java.util.concurrent.ScheduledThreadPoolExecutor$DelayedWorkQueue.take(ScheduledThreadPoolExecutor.java:899)
 java.base/java.util.concurrent.ThreadPoolExecutor.getTask(ThreadPoolExecutor.java:1070)
 java.base/java.util.concurrent.ThreadPoolExecutor.runWorker(ThreadPoolExecutor.java:1130)
 java.base/java.util.concurrent.ThreadPoolExecutor$Worker.run(ThreadPoolExecutor.java:642)
 java.base/java.lang.Thread.run(Thread.java:1575)
2025-10-18 01:21:58 INFO  [Thread-5] o.s.o.j.LocalContainerEntityManagerFactoryBean - Closing JPA EntityManagerFactory for persistence unit 'default'
2025-10-18 01:21:58 INFO  [Thread-5] o.h.t.s.i.SchemaDropperImpl$DelayedDropActionImpl - HHH000477: Starting delayed evictData of schema as part of SessionFactory shut-down'
2025-10-18 01:21:58 DEBUG [Thread-5] org.hibernate.SQL - 
    
    drop table if exists users cascade
2025-10-18 01:21:58 INFO  [Thread-5] com.zaxxer.hikari.HikariDataSource - HikariPool-1 - Shutdown initiated...
2025-10-18 01:21:58 INFO  [Thread-5] com.zaxxer.hikari.HikariDataSource - HikariPool-1 - Shutdown completed.
2025-10-18 01:21:58 INFO  [restartedMain] com.pki.example.ExampleApplication - Starting ExampleApplication using Java 23.0.1 on Ana-Vivabook with PID 23212 (C:\Users\Korisnik\Desktop\PKI\pki-public-key-infrastructure\pki-backend\example\target\classes started by Korisnik in C:\Users\Korisnik\Desktop\PKI\pki-public-key-infrastructure\pki-backend\example)
2025-10-18 01:21:58 DEBUG [restartedMain] com.pki.example.ExampleApplication - Running with Spring Boot v2.7.10, Spring v5.3.26
2025-10-18 01:21:58 INFO  [restartedMain] com.pki.example.ExampleApplication - No active profile set, falling back to 1 default profile: "default"
2025-10-18 01:21:58 INFO  [restartedMain] o.s.d.r.c.RepositoryConfigurationDelegate - Bootstrapping Spring Data JPA repositories in DEFAULT mode.
2025-10-18 01:21:58 INFO  [restartedMain] o.s.d.r.c.RepositoryConfigurationDelegate - Finished Spring Data repository scanning in 15 ms. Found 1 JPA repository interfaces.
2025-10-18 01:21:58 INFO  [restartedMain] o.s.b.w.e.tomcat.TomcatWebServer - Tomcat initialized with port(s): 8080 (http)
2025-10-18 01:21:58 INFO  [restartedMain] o.a.catalina.core.StandardService - Starting service [Tomcat]
2025-10-18 01:21:58 INFO  [restartedMain] o.a.catalina.core.StandardEngine - Starting Servlet engine: [Apache Tomcat/9.0.73]
2025-10-18 01:21:58 INFO  [restartedMain] o.a.c.c.C.[Tomcat].[localhost].[/] - Initializing Spring embedded WebApplicationContext
2025-10-18 01:21:58 INFO  [restartedMain] o.s.b.w.s.c.ServletWebServerApplicationContext - Root WebApplicationContext: initialization completed in 242 ms
2025-10-18 01:21:58 INFO  [restartedMain] o.h.jpa.internal.util.LogHelper - HHH000204: Processing PersistenceUnitInfo [name: default]
2025-10-18 01:21:58 INFO  [restartedMain] com.zaxxer.hikari.HikariDataSource - HikariPool-2 - Starting...
2025-10-18 01:21:58 INFO  [restartedMain] com.zaxxer.hikari.HikariDataSource - HikariPool-2 - Start completed.
2025-10-18 01:21:58 INFO  [restartedMain] org.hibernate.dialect.Dialect - HHH000400: Using dialect: org.hibernate.dialect.PostgreSQL10Dialect
2025-10-18 01:21:58 DEBUG [restartedMain] org.hibernate.SQL - 
    
    drop table if exists users cascade
2025-10-18 01:21:58 WARN  [restartedMain] o.h.e.jdbc.spi.SqlExceptionHelper - SQL Warning Code: 0, SQLState: 00000
2025-10-18 01:21:58 WARN  [restartedMain] o.h.e.jdbc.spi.SqlExceptionHelper - table "users" does not exist, skipping
2025-10-18 01:21:58 DEBUG [restartedMain] org.hibernate.SQL - 
    
    create table users (
       id int8 generated by default as identity,
        blocked boolean not null,
        email varchar(255) not null,
        enabled boolean not null,
        first_name varchar(255) not null,
        last_name varchar(255) not null,
        organization varchar(255) not null,
        password varchar(255) not null,
        role varchar(255) not null,
        primary key (id)
    )
2025-10-18 01:21:58 DEBUG [restartedMain] org.hibernate.SQL - 
    
    alter table if exists users 
       add constraint UK_6dotkott2kjsp8vw4d0m25fb7 unique (email)
2025-10-18 01:21:58 INFO  [restartedMain] o.h.e.t.j.p.i.JtaPlatformInitiator - HHH000490: Using JtaPlatform implementation: [org.hibernate.engine.transaction.jta.platform.internal.NoJtaPlatform]
2025-10-18 01:21:58 INFO  [restartedMain] o.s.o.j.LocalContainerEntityManagerFactoryBean - Initialized JPA EntityManagerFactory for persistence unit 'default'
2025-10-18 01:21:58 DEBUG [restartedMain] c.p.e.config.JwtAuthenticationFilter - Filter 'jwtAuthenticationFilter' configured for use
2025-10-18 01:21:58 INFO  [restartedMain] o.s.s.web.DefaultSecurityFilterChain - Will secure any request with [org.springframework.security.web.session.DisableEncodeUrlFilter@4696f963, org.springframework.security.web.context.request.async.WebAsyncManagerIntegrationFilter@4b3334a1, org.springframework.security.web.context.SecurityContextPersistenceFilter@400e2484, org.springframework.security.web.header.HeaderWriterFilter@7444a160, org.springframework.security.web.csrf.CsrfFilter@3cfa4587, org.springframework.security.web.authentication.logout.LogoutFilter@46412dd1, org.springframework.security.web.authentication.UsernamePasswordAuthenticationFilter@3e7c7cf6, org.springframework.security.web.authentication.ui.DefaultLoginPageGeneratingFilter@3d19902d, org.springframework.security.web.authentication.ui.DefaultLogoutPageGeneratingFilter@5e83a191, org.springframework.security.web.authentication.www.BasicAuthenticationFilter@5a7fd242, org.springframework.security.web.savedrequest.RequestCacheAwareFilter@767e4d2d, org.springframework.security.web.servletapi.SecurityContextHolderAwareRequestFilter@27e0bd23, org.springframework.security.web.authentication.AnonymousAuthenticationFilter@7aca95c1, org.springframework.security.web.session.SessionManagementFilter@2e368ab8, org.springframework.security.web.access.ExceptionTranslationFilter@603acf9f, org.springframework.security.web.access.intercept.FilterSecurityInterceptor@56f5266a]
2025-10-18 01:21:58 INFO  [restartedMain] o.s.b.d.a.OptionalLiveReloadServer - LiveReload server is running on port 35729
2025-10-18 01:21:58 INFO  [restartedMain] o.s.b.w.e.tomcat.TomcatWebServer - Tomcat started on port(s): 8080 (http) with context path ''
2025-10-18 01:21:58 INFO  [restartedMain] com.pki.example.ExampleApplication - Started ExampleApplication in 0.694 seconds (JVM running for 289.42)
2025-10-18 01:21:58 INFO  [restartedMain] o.s.b.d.a.ConditionEvaluationDeltaLoggingListener - Condition evaluation delta:


==========================
CONDITION EVALUATION DELTA
==========================


Positive matches:
-----------------

   SpringBootWebSecurityConfiguration.SecurityFilterChainConfiguration matched:
      - AllNestedConditions 2 matched 0 did not; NestedCondition on DefaultWebSecurityCondition.Beans @ConditionalOnMissingBean (types: org.springframework.security.config.annotation.web.configuration.WebSecurityConfigurerAdapter,org.springframework.security.web.SecurityFilterChain; SearchStrategy: all) did not find any beans; NestedCondition on DefaultWebSecurityCondition.Classes @ConditionalOnClass found required classes 'org.springframework.security.web.SecurityFilterChain', 'org.springframework.security.config.annotation.web.builders.HttpSecurity' (DefaultWebSecurityCondition)

   SpringBootWebSecurityConfiguration.WebSecurityEnablerConfiguration matched:
      - @ConditionalOnClass found required class 'org.springframework.security.config.annotation.web.configuration.EnableWebSecurity' (OnClassCondition)
      - @ConditionalOnMissingBean (names: springSecurityFilterChain; SearchStrategy: all) did not find any beans (OnBeanCondition)


Negative matches:
-----------------

    None


Exclusions:
-----------

    None


Unconditional classes:
----------------------

    None



2025-10-18 01:21:59 INFO  [restartedMain] c.p.e.c.CertificateExample - Generisanje subjekta sertifikata započeto.
2025-10-18 01:22:00 INFO  [File Watcher] o.s.b.d.a.LocalDevToolsAutoConfiguration$RestartingClassPathChangeChangedEventListener - Restarting due to 1 class path change (1 addition, 0 deletions, 0 modifications)
2025-10-18 01:22:00 INFO  [Thread-7] o.a.catalina.core.StandardService - Stopping service [Tomcat]
2025-10-18 01:22:00 WARN  [Thread-7] o.a.c.loader.WebappClassLoaderBase - The web application [ROOT] appears to have started a thread named [HikariPool-2 housekeeper] but has failed to stop it. This is very likely to create a memory leak. Stack trace of thread:
 java.base/jdk.internal.misc.Unsafe.park(Native Method)
 java.base/java.util.concurrent.locks.LockSupport.parkNanos(LockSupport.java:269)
 java.base/java.util.concurrent.locks.AbstractQueuedSynchronizer$ConditionObject.awaitNanos(AbstractQueuedSynchronizer.java:1763)
 java.base/java.util.concurrent.ScheduledThreadPoolExecutor$DelayedWorkQueue.take(ScheduledThreadPoolExecutor.java:1182)
 java.base/java.util.concurrent.ScheduledThreadPoolExecutor$DelayedWorkQueue.take(ScheduledThreadPoolExecutor.java:899)
 java.base/java.util.concurrent.ThreadPoolExecutor.getTask(ThreadPoolExecutor.java:1070)
 java.base/java.util.concurrent.ThreadPoolExecutor.runWorker(ThreadPoolExecutor.java:1130)
 java.base/java.util.concurrent.ThreadPoolExecutor$Worker.run(ThreadPoolExecutor.java:642)
 java.base/java.lang.Thread.run(Thread.java:1575)
2025-10-18 01:22:00 WARN  [Thread-7] o.a.c.loader.WebappClassLoaderBase - The web application [ROOT] appears to have started a thread named [HikariPool-2 connection adder] but has failed to stop it. This is very likely to create a memory leak. Stack trace of thread:
 java.base/jdk.internal.misc.Unsafe.park(Native Method)
 java.base/java.util.concurrent.locks.LockSupport.parkNanos(LockSupport.java:269)
 java.base/java.util.concurrent.locks.AbstractQueuedSynchronizer$ConditionObject.awaitNanos(AbstractQueuedSynchronizer.java:1763)
 java.base/java.util.concurrent.LinkedBlockingQueue.poll(LinkedBlockingQueue.java:460)
 java.base/java.util.concurrent.ThreadPoolExecutor.getTask(ThreadPoolExecutor.java:1069)
 java.base/java.util.concurrent.ThreadPoolExecutor.runWorker(ThreadPoolExecutor.java:1130)
 java.base/java.util.concurrent.ThreadPoolExecutor$Worker.run(ThreadPoolExecutor.java:642)
 java.base/java.lang.Thread.run(Thread.java:1575)
2025-10-18 01:22:00 INFO  [Thread-7] o.s.o.j.LocalContainerEntityManagerFactoryBean - Closing JPA EntityManagerFactory for persistence unit 'default'
2025-10-18 01:22:00 INFO  [Thread-7] o.h.t.s.i.SchemaDropperImpl$DelayedDropActionImpl - HHH000477: Starting delayed evictData of schema as part of SessionFactory shut-down'
2025-10-18 01:22:00 DEBUG [Thread-7] org.hibernate.SQL - 
    
    drop table if exists users cascade
2025-10-18 01:22:00 INFO  [Thread-7] com.zaxxer.hikari.HikariDataSource - HikariPool-2 - Shutdown initiated...
2025-10-18 01:22:00 INFO  [Thread-7] com.zaxxer.hikari.HikariDataSource - HikariPool-2 - Shutdown completed.
2025-10-18 01:22:00 INFO  [restartedMain] com.pki.example.ExampleApplication - Starting ExampleApplication using Java 23.0.1 on Ana-Vivabook with PID 23212 (C:\Users\Korisnik\Desktop\PKI\pki-public-key-infrastructure\pki-backend\example\target\classes started by Korisnik in C:\Users\Korisnik\Desktop\PKI\pki-public-key-infrastructure\pki-backend\example)
2025-10-18 01:22:00 DEBUG [restartedMain] com.pki.example.ExampleApplication - Running with Spring Boot v2.7.10, Spring v5.3.26
2025-10-18 01:22:00 INFO  [restartedMain] com.pki.example.ExampleApplication - No active profile set, falling back to 1 default profile: "default"
2025-10-18 01:22:00 INFO  [restartedMain] o.s.d.r.c.RepositoryConfigurationDelegate - Bootstrapping Spring Data JPA repositories in DEFAULT mode.
2025-10-18 01:22:00 INFO  [restartedMain] o.s.d.r.c.RepositoryConfigurationDelegate - Finished Spring Data repository scanning in 8 ms. Found 1 JPA repository interfaces.
2025-10-18 01:22:00 INFO  [restartedMain] o.s.b.w.e.tomcat.TomcatWebServer - Tomcat initialized with port(s): 8080 (http)
2025-10-18 01:22:00 INFO  [restartedMain] o.a.catalina.core.StandardService - Starting service [Tomcat]
2025-10-18 01:22:00 INFO  [restartedMain] o.a.catalina.core.StandardEngine - Starting Servlet engine: [Apache Tomcat/9.0.73]
2025-10-18 01:22:00 INFO  [restartedMain] o.a.c.c.C.[Tomcat].[localhost].[/] - Initializing Spring embedded WebApplicationContext
2025-10-18 01:22:00 INFO  [restartedMain] o.s.b.w.s.c.ServletWebServerApplicationContext - Root WebApplicationContext: initialization completed in 181 ms
2025-10-18 01:22:00 INFO  [restartedMain] o.h.jpa.internal.util.LogHelper - HHH000204: Processing PersistenceUnitInfo [name: default]
2025-10-18 01:22:00 INFO  [restartedMain] com.zaxxer.hikari.HikariDataSource - HikariPool-3 - Starting...
2025-10-18 01:22:00 INFO  [restartedMain] com.zaxxer.hikari.HikariDataSource - HikariPool-3 - Start completed.
2025-10-18 01:22:00 INFO  [restartedMain] org.hibernate.dialect.Dialect - HHH000400: Using dialect: org.hibernate.dialect.PostgreSQL10Dialect
2025-10-18 01:22:00 DEBUG [restartedMain] org.hibernate.SQL - 
    
    drop table if exists users cascade
2025-10-18 01:22:00 WARN  [restartedMain] o.h.e.jdbc.spi.SqlExceptionHelper - SQL Warning Code: 0, SQLState: 00000
2025-10-18 01:22:00 WARN  [restartedMain] o.h.e.jdbc.spi.SqlExceptionHelper - table "users" does not exist, skipping
2025-10-18 01:22:00 DEBUG [restartedMain] org.hibernate.SQL - 
    
    create table users (
       id int8 generated by default as identity,
        blocked boolean not null,
        email varchar(255) not null,
        enabled boolean not null,
        first_name varchar(255) not null,
        last_name varchar(255) not null,
        organization varchar(255) not null,
        password varchar(255) not null,
        role varchar(255) not null,
        primary key (id)
    )
2025-10-18 01:22:00 DEBUG [restartedMain] org.hibernate.SQL - 
    
    alter table if exists users 
       add constraint UK_6dotkott2kjsp8vw4d0m25fb7 unique (email)
2025-10-18 01:22:00 INFO  [restartedMain] o.h.e.t.j.p.i.JtaPlatformInitiator - HHH000490: Using JtaPlatform implementation: [org.hibernate.engine.transaction.jta.platform.internal.NoJtaPlatform]
2025-10-18 01:22:00 INFO  [restartedMain] o.s.o.j.LocalContainerEntityManagerFactoryBean - Initialized JPA EntityManagerFactory for persistence unit 'default'
2025-10-18 01:22:00 DEBUG [restartedMain] c.p.e.config.JwtAuthenticationFilter - Filter 'jwtAuthenticationFilter' configured for use
2025-10-18 01:22:00 INFO  [restartedMain] o.s.s.web.DefaultSecurityFilterChain - Will secure any request with [org.springframework.security.web.session.DisableEncodeUrlFilter@13299909, org.springframework.security.web.context.request.async.WebAsyncManagerIntegrationFilter@ea1ac, org.springframework.security.web.context.SecurityContextPersistenceFilter@41ee2ead, org.springframework.security.web.header.HeaderWriterFilter@6e911933, org.springframework.web.filter.CorsFilter@470289ac, org.springframework.security.web.authentication.logout.LogoutFilter@14291e84, com.pki.example.config.JwtAuthenticationFilter@1cb49817, org.springframework.security.web.savedrequest.RequestCacheAwareFilter@26893133, org.springframework.security.web.servletapi.SecurityContextHolderAwareRequestFilter@40b7ec50, org.springframework.security.web.authentication.AnonymousAuthenticationFilter@21dee66a, org.springframework.security.web.session.SessionManagementFilter@7d033a5b, org.springframework.security.web.access.ExceptionTranslationFilter@abdb7b4, org.springframework.security.web.access.intercept.AuthorizationFilter@6e91156b]
2025-10-18 01:22:00 INFO  [restartedMain] o.s.b.d.a.OptionalLiveReloadServer - LiveReload server is running on port 35729
2025-10-18 01:22:00 INFO  [restartedMain] o.s.b.w.e.tomcat.TomcatWebServer - Tomcat started on port(s): 8080 (http) with context path ''
2025-10-18 01:22:00 INFO  [restartedMain] com.pki.example.ExampleApplication - Started ExampleApplication in 0.57 seconds (JVM running for 291.463)
2025-10-18 01:22:00 INFO  [restartedMain] o.s.b.d.a.ConditionEvaluationDeltaLoggingListener - Condition evaluation delta:


==========================
CONDITION EVALUATION DELTA
==========================


Positive matches:
-----------------

    None


Negative matches:
-----------------

   SpringBootWebSecurityConfiguration.SecurityFilterChainConfiguration:
      Did not match:
         - AllNestedConditions 1 matched 1 did not; NestedCondition on DefaultWebSecurityCondition.Beans @ConditionalOnMissingBean (types: org.springframework.security.config.annotation.web.configuration.WebSecurityConfigurerAdapter,org.springframework.security.web.SecurityFilterChain; SearchStrategy: all) found beans of type 'org.springframework.security.web.SecurityFilterChain' filterChain; NestedCondition on DefaultWebSecurityCondition.Classes @ConditionalOnClass found required classes 'org.springframework.security.web.SecurityFilterChain', 'org.springframework.security.config.annotation.web.builders.HttpSecurity' (DefaultWebSecurityCondition)

   SpringBootWebSecurityConfiguration.WebSecurityEnablerConfiguration:
      Did not match:
         - @ConditionalOnMissingBean (names: springSecurityFilterChain; SearchStrategy: all) found beans named springSecurityFilterChain (OnBeanCondition)
      Matched:
         - @ConditionalOnClass found required class 'org.springframework.security.config.annotation.web.configuration.EnableWebSecurity' (OnClassCondition)


Exclusions:
-----------

    None


Unconditional classes:
----------------------

    None



2025-10-18 01:22:02 INFO  [restartedMain] c.p.e.c.CertificateExample - Generisanje subjekta sertifikata započeto.
2025-10-18 01:24:36 INFO  [SpringApplicationShutdownHook] o.s.o.j.LocalContainerEntityManagerFactoryBean - Closing JPA EntityManagerFactory for persistence unit 'default'
2025-10-18 01:24:36 INFO  [SpringApplicationShutdownHook] o.h.t.s.i.SchemaDropperImpl$DelayedDropActionImpl - HHH000477: Starting delayed evictData of schema as part of SessionFactory shut-down'
2025-10-18 01:24:36 DEBUG [SpringApplicationShutdownHook] org.hibernate.SQL - 
    
    drop table if exists users cascade
2025-10-18 01:24:36 INFO  [SpringApplicationShutdownHook] com.zaxxer.hikari.HikariDataSource - HikariPool-3 - Shutdown initiated...
2025-10-18 01:24:36 INFO  [SpringApplicationShutdownHook] com.zaxxer.hikari.HikariDataSource - HikariPool-3 - Shutdown completed.
2025-10-18 01:24:40 INFO  [restartedMain] com.pki.example.ExampleApplication - Starting ExampleApplication using Java 23.0.1 on Ana-Vivabook with PID 436 (C:\Users\Korisnik\Desktop\PKI\pki-public-key-infrastructure\pki-backend\example\target\classes started by Korisnik in C:\Users\Korisnik\Desktop\PKI\pki-public-key-infrastructure\pki-backend\example)
2025-10-18 01:24:40 DEBUG [restartedMain] com.pki.example.ExampleApplication - Running with Spring Boot v2.7.10, Spring v5.3.26
2025-10-18 01:24:40 INFO  [restartedMain] com.pki.example.ExampleApplication - No active profile set, falling back to 1 default profile: "default"
2025-10-18 01:24:40 INFO  [restartedMain] o.s.b.d.e.DevToolsPropertyDefaultsPostProcessor - Devtools property defaults active! Set 'spring.devtools.add-properties' to 'false' to disable
2025-10-18 01:24:40 INFO  [restartedMain] o.s.b.d.e.DevToolsPropertyDefaultsPostProcessor - For additional web related logging consider setting the 'logging.level.web' property to 'DEBUG'
2025-10-18 01:24:40 INFO  [restartedMain] o.s.d.r.c.RepositoryConfigurationDelegate - Bootstrapping Spring Data JPA repositories in DEFAULT mode.
2025-10-18 01:24:40 INFO  [restartedMain] o.s.d.r.c.RepositoryConfigurationDelegate - Finished Spring Data repository scanning in 31 ms. Found 1 JPA repository interfaces.
2025-10-18 01:24:41 INFO  [restartedMain] o.s.b.w.e.tomcat.TomcatWebServer - Tomcat initialized with port(s): 8080 (http)
2025-10-18 01:24:41 INFO  [restartedMain] o.a.catalina.core.StandardService - Starting service [Tomcat]
2025-10-18 01:24:41 INFO  [restartedMain] o.a.catalina.core.StandardEngine - Starting Servlet engine: [Apache Tomcat/9.0.73]
2025-10-18 01:24:41 INFO  [restartedMain] o.a.c.c.C.[Tomcat].[localhost].[/] - Initializing Spring embedded WebApplicationContext
2025-10-18 01:24:41 INFO  [restartedMain] o.s.b.w.s.c.ServletWebServerApplicationContext - Root WebApplicationContext: initialization completed in 1123 ms
2025-10-18 01:24:41 INFO  [restartedMain] o.h.jpa.internal.util.LogHelper - HHH000204: Processing PersistenceUnitInfo [name: default]
2025-10-18 01:24:41 INFO  [restartedMain] org.hibernate.Version - HHH000412: Hibernate ORM core version 5.6.15.Final
2025-10-18 01:24:41 INFO  [restartedMain] o.h.annotations.common.Version - HCANN000001: Hibernate Commons Annotations {5.1.2.Final}
2025-10-18 01:24:41 INFO  [restartedMain] com.zaxxer.hikari.HikariDataSource - HikariPool-1 - Starting...
2025-10-18 01:24:41 INFO  [restartedMain] com.zaxxer.hikari.HikariDataSource - HikariPool-1 - Start completed.
2025-10-18 01:24:41 INFO  [restartedMain] org.hibernate.dialect.Dialect - HHH000400: Using dialect: org.hibernate.dialect.PostgreSQL10Dialect
2025-10-18 01:24:42 DEBUG [restartedMain] org.hibernate.SQL - 
    
    drop table if exists users cascade
2025-10-18 01:24:42 WARN  [restartedMain] o.h.e.jdbc.spi.SqlExceptionHelper - SQL Warning Code: 0, SQLState: 00000
2025-10-18 01:24:42 WARN  [restartedMain] o.h.e.jdbc.spi.SqlExceptionHelper - table "users" does not exist, skipping
2025-10-18 01:24:42 DEBUG [restartedMain] org.hibernate.SQL - 
    
    create table users (
       id int8 generated by default as identity,
        blocked boolean not null,
        email varchar(255) not null,
        enabled boolean not null,
        first_name varchar(255) not null,
        last_name varchar(255) not null,
        organization varchar(255) not null,
        password varchar(255) not null,
        role varchar(255) not null,
        primary key (id)
    )
2025-10-18 01:24:42 DEBUG [restartedMain] org.hibernate.SQL - 
    
    alter table if exists users 
       add constraint UK_6dotkott2kjsp8vw4d0m25fb7 unique (email)
2025-10-18 01:24:42 INFO  [restartedMain] o.h.e.t.j.p.i.JtaPlatformInitiator - HHH000490: Using JtaPlatform implementation: [org.hibernate.engine.transaction.jta.platform.internal.NoJtaPlatform]
2025-10-18 01:24:42 INFO  [restartedMain] o.s.o.j.LocalContainerEntityManagerFactoryBean - Initialized JPA EntityManagerFactory for persistence unit 'default'
2025-10-18 01:24:42 DEBUG [restartedMain] c.p.e.config.JwtAuthenticationFilter - Filter 'jwtAuthenticationFilter' configured for use
2025-10-18 01:24:42 INFO  [restartedMain] o.s.s.web.DefaultSecurityFilterChain - Will secure any request with [org.springframework.security.web.session.DisableEncodeUrlFilter@72364a9a, org.springframework.security.web.context.request.async.WebAsyncManagerIntegrationFilter@1607e275, org.springframework.security.web.context.SecurityContextPersistenceFilter@66338192, org.springframework.security.web.header.HeaderWriterFilter@3be0b4d, org.springframework.web.filter.CorsFilter@3252c5ac, org.springframework.security.web.authentication.logout.LogoutFilter@2130f14a, com.pki.example.config.JwtAuthenticationFilter@40343460, org.springframework.security.web.savedrequest.RequestCacheAwareFilter@4fab9b17, org.springframework.security.web.servletapi.SecurityContextHolderAwareRequestFilter@4ede48fb, org.springframework.security.web.authentication.AnonymousAuthenticationFilter@26521fc6, org.springframework.security.web.session.SessionManagementFilter@1dcb1926, org.springframework.security.web.access.ExceptionTranslationFilter@389cadab, org.springframework.security.web.access.intercept.AuthorizationFilter@3d4b33ca]
2025-10-18 01:24:42 INFO  [restartedMain] o.s.b.d.a.OptionalLiveReloadServer - LiveReload server is running on port 35729
2025-10-18 01:24:42 INFO  [restartedMain] o.s.b.w.e.tomcat.TomcatWebServer - Tomcat started on port(s): 8080 (http) with context path ''
2025-10-18 01:24:42 INFO  [restartedMain] com.pki.example.ExampleApplication - Started ExampleApplication in 3.082 seconds (JVM running for 3.588)
2025-10-18 01:24:43 INFO  [restartedMain] c.p.e.c.CertificateExample - Generisanje subjekta sertifikata započeto.
2025-10-18 01:25:03 INFO  [http-nio-8080-exec-1] o.a.c.c.C.[Tomcat].[localhost].[/] - Initializing Spring DispatcherServlet 'dispatcherServlet'
2025-10-18 01:25:03 INFO  [http-nio-8080-exec-1] o.s.web.servlet.DispatcherServlet - Initializing Servlet 'dispatcherServlet'
2025-10-18 01:25:03 INFO  [http-nio-8080-exec-1] o.s.web.servlet.DispatcherServlet - Completed initialization in 1 ms
2025-10-18 01:25:04 DEBUG [http-nio-8080-exec-1] org.hibernate.SQL - 
    select
        user0_.id as id1_0_,
        user0_.blocked as blocked2_0_,
        user0_.email as email3_0_,
        user0_.enabled as enabled4_0_,
        user0_.first_name as first_na5_0_,
        user0_.last_name as last_nam6_0_,
        user0_.organization as organiza7_0_,
        user0_.password as password8_0_,
        user0_.role as role9_0_ 
    from
        users user0_ 
    where
        user0_.email=?
2025-10-18 01:25:04 TRACE [http-nio-8080-exec-1] o.h.type.descriptor.sql.BasicBinder - binding parameter [1] as [VARCHAR] - [tamindzijaana7@gmail.com]
2025-10-18 01:25:05 WARN  [http-nio-8080-exec-1] o.s.w.s.m.m.a.ExceptionHandlerExceptionResolver - Resolved [org.springframework.security.authentication.BadCredentialsException: Bad credentials]
2025-10-18 01:28:14 DEBUG [http-nio-8080-exec-2] org.hibernate.SQL - 
    select
        user0_.id as col_0_0_ 
    from
        users user0_ 
    where
        user0_.email=? limit ?
2025-10-18 01:28:14 TRACE [http-nio-8080-exec-2] o.h.type.descriptor.sql.BasicBinder - binding parameter [1] as [VARCHAR] - [tamindzijaana7@gmail.com]
2025-10-18 01:28:14 DEBUG [http-nio-8080-exec-2] org.hibernate.SQL - 
    insert 
    into
        users
        (blocked, email, enabled, first_name, last_name, organization, password, role) 
    values
        (?, ?, ?, ?, ?, ?, ?, ?)
2025-10-18 01:28:14 TRACE [http-nio-8080-exec-2] o.h.type.descriptor.sql.BasicBinder - binding parameter [1] as [BOOLEAN] - [false]
2025-10-18 01:28:14 TRACE [http-nio-8080-exec-2] o.h.type.descriptor.sql.BasicBinder - binding parameter [2] as [VARCHAR] - [tamindzijaana7@gmail.com]
2025-10-18 01:28:14 TRACE [http-nio-8080-exec-2] o.h.type.descriptor.sql.BasicBinder - binding parameter [3] as [BOOLEAN] - [true]
2025-10-18 01:28:14 TRACE [http-nio-8080-exec-2] o.h.type.descriptor.sql.BasicBinder - binding parameter [4] as [VARCHAR] - [Ana]
2025-10-18 01:28:14 TRACE [http-nio-8080-exec-2] o.h.type.descriptor.sql.BasicBinder - binding parameter [5] as [VARCHAR] - [Tamindžija]
2025-10-18 01:28:14 TRACE [http-nio-8080-exec-2] o.h.type.descriptor.sql.BasicBinder - binding parameter [6] as [VARCHAR] - [IT_SLUZBA]
2025-10-18 01:28:14 TRACE [http-nio-8080-exec-2] o.h.type.descriptor.sql.BasicBinder - binding parameter [7] as [VARCHAR] - [$2a$10$4QdXI2fkwpyvfc4bo3lER.M5sFYswzspLYYsUCK5SrL6pGzJMHdYC]
2025-10-18 01:28:14 TRACE [http-nio-8080-exec-2] o.h.type.descriptor.sql.BasicBinder - binding parameter [8] as [VARCHAR] - [USER]
2025-10-18 01:32:51 DEBUG [http-nio-8080-exec-7] org.hibernate.SQL - 
    select
        user0_.id as id1_0_,
        user0_.blocked as blocked2_0_,
        user0_.email as email3_0_,
        user0_.enabled as enabled4_0_,
        user0_.first_name as first_na5_0_,
        user0_.last_name as last_nam6_0_,
        user0_.organization as organiza7_0_,
        user0_.password as password8_0_,
        user0_.role as role9_0_ 
    from
        users user0_ 
    where
        user0_.email=?
2025-10-18 01:32:51 TRACE [http-nio-8080-exec-7] o.h.type.descriptor.sql.BasicBinder - binding parameter [1] as [VARCHAR] - [tamindzijaana7@gmail.com]
2025-10-18 01:32:51 WARN  [http-nio-8080-exec-7] o.s.w.s.m.m.a.ExceptionHandlerExceptionResolver - Resolved [org.springframework.security.authentication.BadCredentialsException: Bad credentials]
2025-10-18 01:33:33 DEBUG [http-nio-8080-exec-9] org.hibernate.SQL - 
    select
        user0_.id as id1_0_,
        user0_.blocked as blocked2_0_,
        user0_.email as email3_0_,
        user0_.enabled as enabled4_0_,
        user0_.first_name as first_na5_0_,
        user0_.last_name as last_nam6_0_,
        user0_.organization as organiza7_0_,
        user0_.password as password8_0_,
        user0_.role as role9_0_ 
    from
        users user0_ 
    where
        user0_.email=?
2025-10-18 01:33:33 TRACE [http-nio-8080-exec-9] o.h.type.descriptor.sql.BasicBinder - binding parameter [1] as [VARCHAR] - [tamindzijaana7@gmail.com]
2025-10-18 01:33:33 DEBUG [http-nio-8080-exec-9] org.hibernate.SQL - 
    select
        user0_.id as id1_0_,
        user0_.blocked as blocked2_0_,
        user0_.email as email3_0_,
        user0_.enabled as enabled4_0_,
        user0_.first_name as first_na5_0_,
        user0_.last_name as last_nam6_0_,
        user0_.organization as organiza7_0_,
        user0_.password as password8_0_,
        user0_.role as role9_0_ 
    from
        users user0_ 
    where
        user0_.email=?
2025-10-18 01:33:33 TRACE [http-nio-8080-exec-9] o.h.type.descriptor.sql.BasicBinder - binding parameter [1] as [VARCHAR] - [tamindzijaana7@gmail.com]
2025-10-18 01:38:07 DEBUG [http-nio-8080-exec-10] org.hibernate.SQL - 
    select
        user0_.id as id1_0_,
        user0_.blocked as blocked2_0_,
        user0_.email as email3_0_,
        user0_.enabled as enabled4_0_,
        user0_.first_name as first_na5_0_,
        user0_.last_name as last_nam6_0_,
        user0_.organization as organiza7_0_,
        user0_.password as password8_0_,
        user0_.role as role9_0_ 
    from
        users user0_ 
    where
        user0_.email=?
2025-10-18 01:38:07 TRACE [http-nio-8080-exec-10] o.h.type.descriptor.sql.BasicBinder - binding parameter [1] as [VARCHAR] - [tamindzijaana7@gmail.com]
2025-10-18 01:38:07 DEBUG [http-nio-8080-exec-10] org.hibernate.SQL - 
    select
        user0_.id as id1_0_,
        user0_.blocked as blocked2_0_,
        user0_.email as email3_0_,
        user0_.enabled as enabled4_0_,
        user0_.first_name as first_na5_0_,
        user0_.last_name as last_nam6_0_,
        user0_.organization as organiza7_0_,
        user0_.password as password8_0_,
        user0_.role as role9_0_ 
    from
        users user0_ 
    where
        user0_.email=?
2025-10-18 01:38:07 TRACE [http-nio-8080-exec-10] o.h.type.descriptor.sql.BasicBinder - binding parameter [1] as [VARCHAR] - [tamindzijaana7@gmail.com]
2025-10-18 01:46:20 DEBUG [http-nio-8080-exec-6] org.hibernate.SQL - 
    select
        user0_.id as id1_0_,
        user0_.blocked as blocked2_0_,
        user0_.email as email3_0_,
        user0_.enabled as enabled4_0_,
        user0_.first_name as first_na5_0_,
        user0_.last_name as last_nam6_0_,
        user0_.organization as organiza7_0_,
        user0_.password as password8_0_,
        user0_.role as role9_0_ 
    from
        users user0_ 
    where
        user0_.email=?
2025-10-18 01:46:20 TRACE [http-nio-8080-exec-6] o.h.type.descriptor.sql.BasicBinder - binding parameter [1] as [VARCHAR] - [tamindzijaana7@gmail.com]
2025-10-18 01:46:20 DEBUG [http-nio-8080-exec-6] org.hibernate.SQL - 
    select
        user0_.id as id1_0_,
        user0_.blocked as blocked2_0_,
        user0_.email as email3_0_,
        user0_.enabled as enabled4_0_,
        user0_.first_name as first_na5_0_,
        user0_.last_name as last_nam6_0_,
        user0_.organization as organiza7_0_,
        user0_.password as password8_0_,
        user0_.role as role9_0_ 
    from
        users user0_ 
    where
        user0_.email=?
2025-10-18 01:46:20 TRACE [http-nio-8080-exec-6] o.h.type.descriptor.sql.BasicBinder - binding parameter [1] as [VARCHAR] - [tamindzijaana7@gmail.com]
2025-10-18 01:46:21 WARN  [http-nio-8080-exec-6] o.s.w.s.m.m.a.ExceptionHandlerExceptionResolver - Resolved [org.springframework.security.authentication.BadCredentialsException: Bad credentials]
2025-10-18 01:56:42 DEBUG [http-nio-8080-exec-3] org.hibernate.SQL - 
    select
        user0_.id as id1_0_,
        user0_.blocked as blocked2_0_,
        user0_.email as email3_0_,
        user0_.enabled as enabled4_0_,
        user0_.first_name as first_na5_0_,
        user0_.last_name as last_nam6_0_,
        user0_.organization as organiza7_0_,
        user0_.password as password8_0_,
        user0_.role as role9_0_ 
    from
        users user0_ 
    where
        user0_.email=?
2025-10-18 01:56:42 TRACE [http-nio-8080-exec-3] o.h.type.descriptor.sql.BasicBinder - binding parameter [1] as [VARCHAR] - [tamindzijaana7@gmail.com]
2025-10-18 01:56:43 DEBUG [http-nio-8080-exec-3] org.hibernate.SQL - 
    select
        user0_.id as id1_0_,
        user0_.blocked as blocked2_0_,
        user0_.email as email3_0_,
        user0_.enabled as enabled4_0_,
        user0_.first_name as first_na5_0_,
        user0_.last_name as last_nam6_0_,
        user0_.organization as organiza7_0_,
        user0_.password as password8_0_,
        user0_.role as role9_0_ 
    from
        users user0_ 
    where
        user0_.email=?
2025-10-18 01:56:43 TRACE [http-nio-8080-exec-3] o.h.type.descriptor.sql.BasicBinder - binding parameter [1] as [VARCHAR] - [tamindzijaana7@gmail.com]
2025-10-18 01:56:43 DEBUG [http-nio-8080-exec-3] org.hibernate.SQL - 
    select
        user0_.id as id1_0_,
        user0_.blocked as blocked2_0_,
        user0_.email as email3_0_,
        user0_.enabled as enabled4_0_,
        user0_.first_name as first_na5_0_,
        user0_.last_name as last_nam6_0_,
        user0_.organization as organiza7_0_,
        user0_.password as password8_0_,
        user0_.role as role9_0_ 
    from
        users user0_ 
    where
        user0_.email=?
2025-10-18 01:56:43 TRACE [http-nio-8080-exec-3] o.h.type.descriptor.sql.BasicBinder - binding parameter [1] as [VARCHAR] - [tamindzijaana7@gmail.com]
2025-10-18 02:08:27 DEBUG [http-nio-8080-exec-8] org.hibernate.SQL - 
    select
        user0_.id as id1_0_,
        user0_.blocked as blocked2_0_,
        user0_.email as email3_0_,
        user0_.enabled as enabled4_0_,
        user0_.first_name as first_na5_0_,
        user0_.last_name as last_nam6_0_,
        user0_.organization as organiza7_0_,
        user0_.password as password8_0_,
        user0_.role as role9_0_ 
    from
        users user0_ 
    where
        user0_.email=?
2025-10-18 02:08:27 TRACE [http-nio-8080-exec-8] o.h.type.descriptor.sql.BasicBinder - binding parameter [1] as [VARCHAR] - [tamindzijaana7@gmail.com]
2025-10-18 02:08:27 DEBUG [http-nio-8080-exec-8] org.hibernate.SQL - 
    select
        user0_.id as id1_0_,
        user0_.blocked as blocked2_0_,
        user0_.email as email3_0_,
        user0_.enabled as enabled4_0_,
        user0_.first_name as first_na5_0_,
        user0_.last_name as last_nam6_0_,
        user0_.organization as organiza7_0_,
        user0_.password as password8_0_,
        user0_.role as role9_0_ 
    from
        users user0_ 
    where
        user0_.email=?
2025-10-18 02:08:27 TRACE [http-nio-8080-exec-8] o.h.type.descriptor.sql.BasicBinder - binding parameter [1] as [VARCHAR] - [tamindzijaana7@gmail.com]
2025-10-18 02:08:27 DEBUG [http-nio-8080-exec-8] org.hibernate.SQL - 
    select
        user0_.id as id1_0_,
        user0_.blocked as blocked2_0_,
        user0_.email as email3_0_,
        user0_.enabled as enabled4_0_,
        user0_.first_name as first_na5_0_,
        user0_.last_name as last_nam6_0_,
        user0_.organization as organiza7_0_,
        user0_.password as password8_0_,
        user0_.role as role9_0_ 
    from
        users user0_ 
    where
        user0_.email=?
2025-10-18 02:08:27 TRACE [http-nio-8080-exec-8] o.h.type.descriptor.sql.BasicBinder - binding parameter [1] as [VARCHAR] - [tamindzijaana7@gmail.com]
2025-10-18 02:12:05 DEBUG [http-nio-8080-exec-4] org.hibernate.SQL - 
    select
        user0_.id as id1_0_,
        user0_.blocked as blocked2_0_,
        user0_.email as email3_0_,
        user0_.enabled as enabled4_0_,
        user0_.first_name as first_na5_0_,
        user0_.last_name as last_nam6_0_,
        user0_.organization as organiza7_0_,
        user0_.password as password8_0_,
        user0_.role as role9_0_ 
    from
        users user0_ 
    where
        user0_.email=?
2025-10-18 02:12:05 TRACE [http-nio-8080-exec-4] o.h.type.descriptor.sql.BasicBinder - binding parameter [1] as [VARCHAR] - [tamindzijaana7@gmail.com]
2025-10-18 02:12:05 DEBUG [http-nio-8080-exec-4] org.hibernate.SQL - 
    select
        user0_.id as id1_0_,
        user0_.blocked as blocked2_0_,
        user0_.email as email3_0_,
        user0_.enabled as enabled4_0_,
        user0_.first_name as first_na5_0_,
        user0_.last_name as last_nam6_0_,
        user0_.organization as organiza7_0_,
        user0_.password as password8_0_,
        user0_.role as role9_0_ 
    from
        users user0_ 
    where
        user0_.email=?
2025-10-18 02:12:05 TRACE [http-nio-8080-exec-4] o.h.type.descriptor.sql.BasicBinder - binding parameter [1] as [VARCHAR] - [tamindzijaana7@gmail.com]
2025-10-18 02:12:05 DEBUG [http-nio-8080-exec-4] org.hibernate.SQL - 
    select
        user0_.id as id1_0_,
        user0_.blocked as blocked2_0_,
        user0_.email as email3_0_,
        user0_.enabled as enabled4_0_,
        user0_.first_name as first_na5_0_,
        user0_.last_name as last_nam6_0_,
        user0_.organization as organiza7_0_,
        user0_.password as password8_0_,
        user0_.role as role9_0_ 
    from
        users user0_ 
    where
        user0_.email=?
2025-10-18 02:12:05 TRACE [http-nio-8080-exec-4] o.h.type.descriptor.sql.BasicBinder - binding parameter [1] as [VARCHAR] - [tamindzijaana7@gmail.com]
2025-10-18 02:14:00 DEBUG [http-nio-8080-exec-5] org.hibernate.SQL - 
    select
        user0_.id as id1_0_,
        user0_.blocked as blocked2_0_,
        user0_.email as email3_0_,
        user0_.enabled as enabled4_0_,
        user0_.first_name as first_na5_0_,
        user0_.last_name as last_nam6_0_,
        user0_.organization as organiza7_0_,
        user0_.password as password8_0_,
        user0_.role as role9_0_ 
    from
        users user0_ 
    where
        user0_.email=?
2025-10-18 02:14:00 TRACE [http-nio-8080-exec-5] o.h.type.descriptor.sql.BasicBinder - binding parameter [1] as [VARCHAR] - [admin@example.com]
2025-10-18 02:14:00 WARN  [http-nio-8080-exec-5] o.s.w.s.m.m.a.ExceptionHandlerExceptionResolver - Resolved [org.springframework.security.authentication.BadCredentialsException: Bad credentials]
2025-10-18 02:15:04 INFO  [SpringApplicationShutdownHook] o.s.o.j.LocalContainerEntityManagerFactoryBean - Closing JPA EntityManagerFactory for persistence unit 'default'
2025-10-18 02:15:04 INFO  [SpringApplicationShutdownHook] o.h.t.s.i.SchemaDropperImpl$DelayedDropActionImpl - HHH000477: Starting delayed evictData of schema as part of SessionFactory shut-down'
2025-10-18 02:15:04 DEBUG [SpringApplicationShutdownHook] org.hibernate.SQL - 
    
    drop table if exists users cascade
2025-10-18 02:15:04 INFO  [SpringApplicationShutdownHook] com.zaxxer.hikari.HikariDataSource - HikariPool-1 - Shutdown initiated...
2025-10-18 02:15:04 INFO  [SpringApplicationShutdownHook] com.zaxxer.hikari.HikariDataSource - HikariPool-1 - Shutdown completed.
